<?xml version="1.0" encoding="UTF-8"?>
<testng-results ignored="0" total="16" passed="16" failed="0" skipped="0">
  <reporter-output>
  </reporter-output>
  <suite started-at="2023-02-05T17:50:43 IST" name="OgangeHrm Application" finished-at="2023-02-05T17:53:08 IST" duration-ms="145030">
    <groups>
    </groups>
    <test started-at="2023-02-05T17:50:43 IST" name="OrangeHrm Application LogIn Test" finished-at="2023-02-05T17:52:37 IST" duration-ms="113401">
      <class name="com.OrangeHrmApplicationTestCases.OrangeHrmLogInValidation">
        <test-method is-config="true" signature="setUp()[pri:0, instance:com.OrangeHrmApplicationTestCases.OrangeHrmLogInValidation@1eb5174b]" started-at="2023-02-05T17:50:43 IST" name="setUp" finished-at="2023-02-05T17:51:18 IST" duration-ms="34512" status="PASS">
          <reporter-output>
          </reporter-output>
        </test-method> <!-- setUp -->
        <test-method signature="logInPageValidation()[pri:1, instance:com.OrangeHrmApplicationTestCases.OrangeHrmLogInValidation@1eb5174b]" started-at="2023-02-05T17:51:18 IST" name="logInPageValidation" finished-at="2023-02-05T17:51:27 IST" duration-ms="9141" status="PASS">
          <reporter-output>
          </reporter-output>
        </test-method> <!-- logInPageValidation -->
        <test-method signature="logInPageTitleValidation()[pri:2, instance:com.OrangeHrmApplicationTestCases.OrangeHrmLogInValidation@1eb5174b]" started-at="2023-02-05T17:51:27 IST" name="logInPageTitleValidation" finished-at="2023-02-05T17:51:28 IST" duration-ms="778" status="PASS">
          <reporter-output>
          </reporter-output>
        </test-method> <!-- logInPageTitleValidation -->
        <test-method signature="logInPageUrlValidation()[pri:3, instance:com.OrangeHrmApplicationTestCases.OrangeHrmLogInValidation@1eb5174b]" started-at="2023-02-05T17:51:28 IST" name="logInPageUrlValidation" finished-at="2023-02-05T17:51:28 IST" duration-ms="84" status="PASS">
          <reporter-output>
          </reporter-output>
        </test-method> <!-- logInPageUrlValidation -->
        <test-method signature="exportingUserNameAndPasswordDataToExcel()[pri:4, instance:com.OrangeHrmApplicationTestCases.OrangeHrmLogInValidation@1eb5174b]" started-at="2023-02-05T17:51:28 IST" name="exportingUserNameAndPasswordDataToExcel" finished-at="2023-02-05T17:51:28 IST" duration-ms="66" status="PASS">
          <reporter-output>
          </reporter-output>
        </test-method> <!-- exportingUserNameAndPasswordDataToExcel -->
        <test-method signature="validatingLoginFunctionality()[pri:5, instance:com.OrangeHrmApplicationTestCases.OrangeHrmLogInValidation@1eb5174b]" started-at="2023-02-05T17:51:28 IST" name="validatingLoginFunctionality" finished-at="2023-02-05T17:52:32 IST" duration-ms="63865" status="PASS">
          <reporter-output>
          </reporter-output>
        </test-method> <!-- validatingLoginFunctionality -->
        <test-method signature="logOut()[pri:6, instance:com.OrangeHrmApplicationTestCases.OrangeHrmLogInValidation@1eb5174b]" started-at="2023-02-05T17:52:32 IST" name="logOut" finished-at="2023-02-05T17:52:35 IST" duration-ms="2745" status="PASS">
          <reporter-output>
          </reporter-output>
        </test-method> <!-- logOut -->
        <test-method signature="logInPanelTextValidation1()[pri:7, instance:com.OrangeHrmApplicationTestCases.OrangeHrmLogInValidation@1eb5174b]" started-at="2023-02-05T17:52:35 IST" name="logInPanelTextValidation1" finished-at="2023-02-05T17:52:35 IST" duration-ms="281" status="PASS">
          <reporter-output>
          </reporter-output>
        </test-method> <!-- logInPanelTextValidation1 -->
        <test-method is-config="true" signature="tearDown()[pri:0, instance:com.OrangeHrmApplicationTestCases.OrangeHrmLogInValidation@1eb5174b]" started-at="2023-02-05T17:52:35 IST" name="tearDown" finished-at="2023-02-05T17:52:37 IST" duration-ms="1695" status="PASS">
          <reporter-output>
          </reporter-output>
        </test-method> <!-- tearDown -->
      </class> <!-- com.OrangeHrmApplicationTestCases.OrangeHrmLogInValidation -->
    </test> <!-- OrangeHrm Application LogIn Test -->
    <test started-at="2023-02-05T17:50:43 IST" name="OrangeHrm Application AddEmployee" finished-at="2023-02-05T17:53:08 IST" duration-ms="145030">
      <class name="com.OrangeHrmApplicationTestCases.OHrmAddEmployee">
        <test-method is-config="true" signature="setUp()[pri:0, instance:com.OrangeHrmApplicationTestCases.OHrmAddEmployee@6f46426d]" started-at="2023-02-05T17:50:43 IST" name="setUp" finished-at="2023-02-05T17:51:18 IST" duration-ms="34511" status="PASS">
          <reporter-output>
          </reporter-output>
        </test-method> <!-- setUp -->
        <test-method signature="logInPageValidation()[pri:1, instance:com.OrangeHrmApplicationTestCases.OHrmAddEmployee@6f46426d]" started-at="2023-02-05T17:51:18 IST" name="logInPageValidation" finished-at="2023-02-05T17:51:27 IST" duration-ms="9141" status="PASS">
          <reporter-output>
          </reporter-output>
        </test-method> <!-- logInPageValidation -->
        <test-method signature="logInPageTitleValidation()[pri:2, instance:com.OrangeHrmApplicationTestCases.OHrmAddEmployee@6f46426d]" started-at="2023-02-05T17:51:27 IST" name="logInPageTitleValidation" finished-at="2023-02-05T17:51:28 IST" duration-ms="787" status="PASS">
          <reporter-output>
          </reporter-output>
        </test-method> <!-- logInPageTitleValidation -->
        <test-method signature="logInWithValidData()[pri:3, instance:com.OrangeHrmApplicationTestCases.OHrmAddEmployee@6f46426d]" started-at="2023-02-05T17:51:28 IST" name="logInWithValidData" finished-at="2023-02-05T17:51:39 IST" duration-ms="10826" status="PASS">
          <reporter-output>
          </reporter-output>
        </test-method> <!-- logInWithValidData -->
        <test-method signature="validatingHomePageText()[pri:4, instance:com.OrangeHrmApplicationTestCases.OHrmAddEmployee@6f46426d]" started-at="2023-02-05T17:51:39 IST" name="validatingHomePageText" finished-at="2023-02-05T17:51:39 IST" duration-ms="383" status="PASS">
          <reporter-output>
          </reporter-output>
        </test-method> <!-- validatingHomePageText -->
        <test-method signature="addEmployeePageTextValidation()[pri:5, instance:com.OrangeHrmApplicationTestCases.OHrmAddEmployee@6f46426d]" started-at="2023-02-05T17:51:39 IST" name="addEmployeePageTextValidation" finished-at="2023-02-05T17:51:44 IST" duration-ms="4291" status="PASS">
          <reporter-output>
          </reporter-output>
        </test-method> <!-- addEmployeePageTextValidation -->
        <test-method signature="exportingEmployeeDetailsToExcelSheet()[pri:6, instance:com.OrangeHrmApplicationTestCases.OHrmAddEmployee@6f46426d]" started-at="2023-02-05T17:51:44 IST" name="exportingEmployeeDetailsToExcelSheet" finished-at="2023-02-05T17:51:44 IST" duration-ms="72" status="PASS">
          <reporter-output>
          </reporter-output>
        </test-method> <!-- exportingEmployeeDetailsToExcelSheet -->
        <test-method signature="validatingTheData()[pri:7, instance:com.OrangeHrmApplicationTestCases.OHrmAddEmployee@6f46426d]" started-at="2023-02-05T17:51:44 IST" name="validatingTheData" finished-at="2023-02-05T17:53:05 IST" duration-ms="81629" status="PASS">
          <reporter-output>
          </reporter-output>
        </test-method> <!-- validatingTheData -->
        <test-method signature="logOut()[pri:8, instance:com.OrangeHrmApplicationTestCases.OHrmAddEmployee@6f46426d]" started-at="2023-02-05T17:53:05 IST" name="logOut" finished-at="2023-02-05T17:53:07 IST" duration-ms="1607" status="PASS">
          <reporter-output>
          </reporter-output>
        </test-method> <!-- logOut -->
        <test-method signature="logInPanelTextValidation1()[pri:9, instance:com.OrangeHrmApplicationTestCases.OHrmAddEmployee@6f46426d]" started-at="2023-02-05T17:53:07 IST" name="logInPanelTextValidation1" finished-at="2023-02-05T17:53:07 IST" duration-ms="397" status="PASS">
          <reporter-output>
          </reporter-output>
        </test-method> <!-- logInPanelTextValidation1 -->
        <test-method is-config="true" signature="tearDown()[pri:0, instance:com.OrangeHrmApplicationTestCases.OHrmAddEmployee@6f46426d]" started-at="2023-02-05T17:53:07 IST" name="tearDown" finished-at="2023-02-05T17:53:08 IST" duration-ms="1151" status="PASS">
          <reporter-output>
          </reporter-output>
        </test-method> <!-- tearDown -->
      </class> <!-- com.OrangeHrmApplicationTestCases.OHrmAddEmployee -->
    </test> <!-- OrangeHrm Application AddEmployee -->
  </suite> <!-- OgangeHrm Application -->
</testng-results>
