<?xml version="1.0" encoding="UTF-8"?>
<!-- Generated by org.testng.reporters.JUnitXMLReporter -->
<testsuite ignored="1" hostname="DESKTOP-TBIC0IO" failures="0" tests="2" name="Default test" time="0.106" errors="0" timestamp="2023-01-25T10:49:21 IST">
  <testcase classname="com.TestNG.Annotations3" name="gmailInbox" time="0.008"/>
  <testcase classname="com.TestNG.Annotations3" name="gmailComposemail" time="0.003"/>
  <testcase classname="com.TestNG.Annotations3" name="gmailSentBox" time="0.0">
    <ignored/>
  </testcase> <!-- gmailSentBox -->
</testsuite> <!-- Default test -->
