<?xml version="1.0" encoding="UTF-8"?>
<!-- Generated by org.testng.reporters.JUnitXMLReporter -->
<testsuite ignored="0" hostname="DESKTOP-TBIC0IO" failures="0" tests="9" name="OrangeHrm Application AddEmployee" time="145.03" errors="0" timestamp="2023-02-05T17:53:08 IST">
  <testcase classname="com.OrangeHrmApplicationTestCases.OHrmAddEmployee" name="logInPageValidation" time="9.141"/>
  <testcase classname="com.OrangeHrmApplicationTestCases.OHrmAddEmployee" name="logInPageTitleValidation" time="0.787"/>
  <testcase classname="com.OrangeHrmApplicationTestCases.OHrmAddEmployee" name="logInWithValidData" time="10.826"/>
  <testcase classname="com.OrangeHrmApplicationTestCases.OHrmAddEmployee" name="validatingHomePageText" time="0.383"/>
  <testcase classname="com.OrangeHrmApplicationTestCases.OHrmAddEmployee" name="addEmployeePageTextValidation" time="4.291"/>
  <testcase classname="com.OrangeHrmApplicationTestCases.OHrmAddEmployee" name="exportingEmployeeDetailsToExcelSheet" time="0.072"/>
  <testcase classname="com.OrangeHrmApplicationTestCases.OHrmAddEmployee" name="validatingTheData" time="81.629"/>
  <testcase classname="com.OrangeHrmApplicationTestCases.OHrmAddEmployee" name="logOut" time="1.607"/>
  <testcase classname="com.OrangeHrmApplicationTestCases.OHrmAddEmployee" name="logInPanelTextValidation1" time="0.397"/>
</testsuite> <!-- OrangeHrm Application AddEmployee -->
