<?xml version="1.0" encoding="UTF-8"?>
<!-- Generated by org.testng.reporters.JUnitXMLReporter -->
<testsuite ignored="0" hostname="DESKTOP-TBIC0IO" failures="0" tests="7" name="OrangeHrm Application LogIn Test" time="113.401" errors="0" timestamp="2023-02-05T17:52:37 IST">
  <testcase classname="com.OrangeHrmApplicationTestCases.OrangeHrmLogInValidation" name="logInPageValidation" time="9.141"/>
  <testcase classname="com.OrangeHrmApplicationTestCases.OrangeHrmLogInValidation" name="logInPageTitleValidation" time="0.778"/>
  <testcase classname="com.OrangeHrmApplicationTestCases.OrangeHrmLogInValidation" name="logInPageUrlValidation" time="0.084"/>
  <testcase classname="com.OrangeHrmApplicationTestCases.OrangeHrmLogInValidation" name="exportingUserNameAndPasswordDataToExcel" time="0.066"/>
  <testcase classname="com.OrangeHrmApplicationTestCases.OrangeHrmLogInValidation" name="validatingLoginFunctionality" time="63.865"/>
  <testcase classname="com.OrangeHrmApplicationTestCases.OrangeHrmLogInValidation" name="logOut" time="2.745"/>
  <testcase classname="com.OrangeHrmApplicationTestCases.OrangeHrmLogInValidation" name="logInPanelTextValidation1" time="0.281"/>
</testsuite> <!-- OrangeHrm Application LogIn Test -->
